This is pdfeTeX, Version 3.141592-1.30.6-2.2 (MiKTeX 2.5) (preloaded format=pdflatex 2008.9.8)  22 SEP 2008 12:24
entering extended mode
**DAA-3-Heapsort.tex
(DAA-3-Heapsort.tex
LaTeX2e <2005/12/01>
Babel <v3.8l> and hyphenation patterns for english, dumylang, nohyphenation, ge
rman, ngerman, french, loaded.
("C:\Program Files\MiKTeX 2.5\tex\latex\beamer\base\beamer.cls"
("C:\Program Files\MiKTeX 2.5\tex\latex\beamer\base\beamerbasercs.sty"
Package: beamerbasercs 2007/01/28 (rcs-revision 1.4)
)
Document Class: beamer 2007/03/11 cvs version 3.07 A class for typesetting pres
entations (rcs-revision 1.70)
("C:\Program Files\MiKTeX 2.5\tex\latex\beamer\base\beamerbasemodes.sty"
Package: beamerbasemodes 2007/01/28 (rcs-revision 1.22)
\beamer@tempbox=\box26
\beamer@tempcount=\count79
\c@beamerpauses=\count80

("C:\Program Files\MiKTeX 2.5\tex\latex\beamer\base\beamerbasedecode.sty"
Package: beamerbasedecode 2007/01/28 (rcs-revision 1.20)
\beamer@slideinframe=\count81
\beamer@minimum=\count82
)
\beamer@commentbox=\box27
\beamer@modecount=\count83
)
\headheight=\dimen102
\headdp=\dimen103
\footheight=\dimen104
\sidebarheight=\dimen105
\beamer@tempdim=\dimen106
\beamer@finalheight=\dimen107
\beamer@animht=\dimen108
\beamer@animdp=\dimen109
\beamer@animwd=\dimen110
\beamer@leftmargin=\dimen111
\beamer@rightmargin=\dimen112
\beamer@leftsidebar=\dimen113
\beamer@rightsidebar=\dimen114
\beamer@boxsize=\dimen115
\beamer@vboxoffset=\dimen116
\beamer@descdefault=\dimen117
\beamer@descriptionwidth=\dimen118
\beamer@lastskip=\skip41
\beamer@areabox=\box28
\beamer@animcurrent=\box29
\beamer@animshowbox=\box30
\beamer@sectionbox=\box31
\beamer@logobox=\box32
\beamer@linebox=\box33
\beamer@sectioncount=\count84
\beamer@subsubsectionmax=\count85
\beamer@subsectionmax=\count86
\beamer@sectionmax=\count87
\beamer@totalheads=\count88
\beamer@headcounter=\count89
\beamer@partstartpage=\count90
\beamer@sectionstartpage=\count91
\beamer@subsectionstartpage=\count92
\beamer@animationtempa=\count93
\beamer@animationtempb=\count94
\beamer@xpos=\count95
\beamer@ypos=\count96
\beamer@showpartnumber=\count97
\beamer@currentsubsection=\count98
\beamer@coveringdepth=\count99
\beamer@sectionadjust=\count100
\beamer@tocsectionnumber=\count101

("C:\Program Files\MiKTeX 2.5\tex\latex\beamer\base\beamerbaseoptions.sty"
Package: beamerbaseoptions 2007/01/28 (rcs-revision 1.8)

("C:\Program Files\MiKTeX 2.5\tex\latex\graphics\keyval.sty"
Package: keyval 1999/03/16 v1.13 key=value parser (DPC)
\KV@toks@=\toks14
))

Class beamer Warning: This option is obsolete. Use beamer option ``show notes''
 instead. on input line 300.


Class beamer Warning: ``serif'' is obsolete. Use font theme ``serif'' instead o
n input line 300.

("C:\Program Files\MiKTeX 2.5\tex\latex\pgf\basiclayer\pgfcore.sty"
("C:\Program Files\MiKTeX 2.5\tex\latex\graphics\graphicx.sty"
Package: graphicx 1999/02/16 v1.0f Enhanced LaTeX Graphics (DPC,SPQR)

("C:\Program Files\MiKTeX 2.5\tex\latex\graphics\graphics.sty"
Package: graphics 2006/02/20 v1.0o Standard LaTeX Graphics (DPC,SPQR)

("C:\Program Files\MiKTeX 2.5\tex\latex\graphics\trig.sty"
Package: trig 1999/03/16 v1.09 sin cos tan (DPC)
)
("C:\Program Files\MiKTeX 2.5\tex\latex\00miktex\graphics.cfg"
File: graphics.cfg 2007/01/18 v1.5 graphics configuration of teTeX/TeXLive
)
Package graphics Info: Driver file: pdftex.def on input line 90.

("C:\Program Files\MiKTeX 2.5\tex\latex\pdftex-def\pdftex.def"
File: pdftex.def 2008/07/16 v0.04k Graphics/color for pdfTeX
\Gread@gobject=\count102
))
\Gin@req@height=\dimen119
\Gin@req@width=\dimen120
)
("C:\Program Files\MiKTeX 2.5\tex\latex\pgf\systemlayer\pgfsys.sty"
("C:\Program Files\MiKTeX 2.5\tex\latex\pgf\utilities\pgfrcs.sty"
("C:\Program Files\MiKTeX 2.5\tex\generic\pgf\utilities\pgfutil-common.tex"
\pgfutil@everybye=\toks15
)
("C:\Program Files\MiKTeX 2.5\tex\generic\pgf\utilities\pgfutil-latex.def")
("C:\Program Files\MiKTeX 2.5\tex\generic\pgf\utilities\pgfrcs.code.tex"
Package: pgfrcs 2008/02/20 v2.00 (rcs-revision 1.21)
))
("C:\Program Files\MiKTeX 2.5\tex\generic\pgf\systemlayer\pgfsys.code.tex"
Package: pgfsys 2008/02/07 v2.00 (rcs-revision 1.31)

("C:\Program Files\MiKTeX 2.5\tex\generic\pgf\utilities\pgfkeys.code.tex"
\pgfkeys@pathtoks=\toks16
\pgfkeys@temptoks=\toks17
)
\pgf@x=\dimen121
\pgf@y=\dimen122
\pgf@xa=\dimen123
\pgf@ya=\dimen124
\pgf@xb=\dimen125
\pgf@yb=\dimen126
\pgf@xc=\dimen127
\pgf@yc=\dimen128
\c@pgf@counta=\count103
\c@pgf@countb=\count104
\c@pgf@countc=\count105
\c@pgf@countd=\count106

("C:\Program Files\MiKTeX 2.5\tex\generic\pgf\systemlayer\pgf.cfg"
File: pgf.cfg 2008/01/13  (rcs-revision 1.6)
)
Package pgfsys Info: Driver file for pgf: pgfsys-pdftex.def on input line 885.

("C:\Program Files\MiKTeX 2.5\tex\generic\pgf\systemlayer\pgfsys-pdftex.def"
File: pgfsys-pdftex.def 2007/12/20  (rcs-revision 1.20)

("C:\Program Files\MiKTeX 2.5\tex\generic\pgf\systemlayer\pgfsys-common-pdf.def
"
File: pgfsys-common-pdf.def 2007/12/17  (rcs-revision 1.8)
)))
("C:\Program Files\MiKTeX 2.5\tex\generic\pgf\systemlayer\pgfsyssoftpath.code.t
ex"
File: pgfsyssoftpath.code.tex 2008/01/23  (rcs-revision 1.6)
\pgfsyssoftpath@smallbuffer@items=\count107
\pgfsyssoftpath@bigbuffer@items=\count108
)
("C:\Program Files\MiKTeX 2.5\tex\generic\pgf\systemlayer\pgfsysprotocol.code.t
ex"
File: pgfsysprotocol.code.tex 2006/10/16  (rcs-revision 1.4)
)) ("C:\Program Files\MiKTeX 2.5\tex\latex\xcolor\xcolor.sty"
Package: xcolor 2007/01/21 v2.11 LaTeX color extensions (UK)

("C:\Program Files\MiKTeX 2.5\tex\latex\00miktex\color.cfg"
File: color.cfg 2007/01/18 v1.5 color configuration of teTeX/TeXLive
)
Package xcolor Info: Driver file: pdftex.def on input line 225.
Package xcolor Info: Model `cmy' substituted by `cmy0' on input line 1337.
Package xcolor Info: Model `hsb' substituted by `rgb' on input line 1341.
Package xcolor Info: Model `RGB' extended on input line 1353.
Package xcolor Info: Model `HTML' substituted by `rgb' on input line 1355.
Package xcolor Info: Model `Hsb' substituted by `hsb' on input line 1356.
Package xcolor Info: Model `tHsb' substituted by `hsb' on input line 1357.
Package xcolor Info: Model `HSB' substituted by `hsb' on input line 1358.
Package xcolor Info: Model `Gray' substituted by `gray' on input line 1359.
Package xcolor Info: Model `wave' substituted by `hsb' on input line 1360.
)
("C:\Program Files\MiKTeX 2.5\tex\generic\pgf\basiclayer\pgfcore.code.tex"
Package: pgfcore 2008/01/15 v2.00 (rcs-revision 1.6)

("C:\Program Files\MiKTeX 2.5\tex\generic\pgf\math\pgfmath.code.tex"
("C:\Program Files\MiKTeX 2.5\tex\generic\pgf\math\pgfmathcalc.code.tex"
("C:\Program Files\MiKTeX 2.5\tex\generic\pgf\math\pgfmathutil.code.tex"
\pgfmath@box=\box34
)
("C:\Program Files\MiKTeX 2.5\tex\generic\pgf\math\pgfmathparser.code.tex"
\pgfmath@stack=\toks18
\c@pgfmath@parsecounta=\count109
\c@pgfmath@parsecountb=\count110
\c@pgfmath@parsecountc=\count111
\pgfmath@parsex=\dimen129
)
("C:\Program Files\MiKTeX 2.5\tex\generic\pgf\math\pgfmathoperations.code.tex"
("C:\Program Files\MiKTeX 2.5\tex\generic\pgf\math\pgfmathtrig.code.tex")
("C:\Program Files\MiKTeX 2.5\tex\generic\pgf\math\pgfmathrnd.code.tex"))
("C:\Program Files\MiKTeX 2.5\tex\generic\pgf\math\pgfmathbase.code.tex")))
("C:\Program Files\MiKTeX 2.5\tex\generic\pgf\basiclayer\pgfcorepoints.code.tex
"
File: pgfcorepoints.code.tex 2008/02/03  (rcs-revision 1.13)
\pgf@picminx=\dimen130
\pgf@picmaxx=\dimen131
\pgf@picminy=\dimen132
\pgf@picmaxy=\dimen133
\pgf@pathminx=\dimen134
\pgf@pathmaxx=\dimen135
\pgf@pathminy=\dimen136
\pgf@pathmaxy=\dimen137
\pgf@xx=\dimen138
\pgf@xy=\dimen139
\pgf@yx=\dimen140
\pgf@yy=\dimen141
\pgf@zx=\dimen142
\pgf@zy=\dimen143
)
("C:\Program Files\MiKTeX 2.5\tex\generic\pgf\basiclayer\pgfcorepathconstruct.c
ode.tex"
File: pgfcorepathconstruct.code.tex 2008/02/13  (rcs-revision 1.14)
\pgf@path@lastx=\dimen144
\pgf@path@lasty=\dimen145
)
("C:\Program Files\MiKTeX 2.5\tex\generic\pgf\basiclayer\pgfcorepathusage.code.
tex"
File: pgfcorepathusage.code.tex 2008/01/23  (rcs-revision 1.11)
\pgf@shorten@end@additional=\dimen146
\pgf@shorten@start@additional=\dimen147
)
("C:\Program Files\MiKTeX 2.5\tex\generic\pgf\basiclayer\pgfcorescopes.code.tex
"
File: pgfcorescopes.code.tex 2008/01/15  (rcs-revision 1.26)
\pgfpic=\box35
\pgf@hbox=\box36
\pgf@layerbox@main=\box37
\pgf@picture@serial@count=\count112
)
("C:\Program Files\MiKTeX 2.5\tex\generic\pgf\basiclayer\pgfcoregraphicstate.co
de.tex"
File: pgfcoregraphicstate.code.tex 2007/12/12  (rcs-revision 1.8)
\pgflinewidth=\dimen148
)
("C:\Program Files\MiKTeX 2.5\tex\generic\pgf\basiclayer\pgfcoretransformations
.code.tex"
File: pgfcoretransformations.code.tex 2008/02/04  (rcs-revision 1.10)
\pgf@pt@x=\dimen149
\pgf@pt@y=\dimen150
\pgf@pt@temp=\dimen151
)
("C:\Program Files\MiKTeX 2.5\tex\generic\pgf\basiclayer\pgfcorequick.code.tex"
File: pgfcorequick.code.tex 2006/10/11  (rcs-revision 1.2)
)
("C:\Program Files\MiKTeX 2.5\tex\generic\pgf\basiclayer\pgfcoreobjects.code.te
x"
File: pgfcoreobjects.code.tex 2006/10/11  (rcs-revision 1.2)
)
("C:\Program Files\MiKTeX 2.5\tex\generic\pgf\basiclayer\pgfcorepathprocessing.
code.tex"
File: pgfcorepathprocessing.code.tex 2008/01/23  (rcs-revision 1.7)
)
("C:\Program Files\MiKTeX 2.5\tex\generic\pgf\basiclayer\pgfcorearrows.code.tex
"
File: pgfcorearrows.code.tex 2007/06/07  (rcs-revision 1.8)
)
("C:\Program Files\MiKTeX 2.5\tex\generic\pgf\basiclayer\pgfcoreshade.code.tex"
File: pgfcoreshade.code.tex 2007/12/10  (rcs-revision 1.9)
\pgf@max=\dimen152
\pgf@sys@shading@range@num=\count113
) ("C:\Program Files\MiKTeX 2.5\tex\generic\pgf\basiclayer\pgfcoreimage.code.te
x"
File: pgfcoreimage.code.tex 2008/01/15  (rcs-revision 1.1)
\pgfexternal@startupbox=\box38
)
("C:\Program Files\MiKTeX 2.5\tex\generic\pgf\basiclayer\pgfcorelayers.code.tex
"
File: pgfcorelayers.code.tex 2008/01/15  (rcs-revision 1.1)
)
("C:\Program Files\MiKTeX 2.5\tex\generic\pgf\basiclayer\pgfcoretransparency.co
de.tex"
File: pgfcoretransparency.code.tex 2008/01/17  (rcs-revision 1.2)
)
("C:\Program Files\MiKTeX 2.5\tex\generic\pgf\basiclayer\pgfcorepatterns.code.t
ex"
File: pgfcorepatterns.code.tex 2008/01/15  (rcs-revision 1.1)
))) ("C:\Program Files\MiKTeX 2.5\tex\latex\pgf\basiclayer\pgfbaseimage.sty"

Package pgf Warning: This package is obsolete and no longer needed on input lin
e 13.

) ("C:\Program Files\MiKTeX 2.5\tex\latex\pgf\utilities\xxcolor.sty"
Package: xxcolor 2003/10/24 ver 0.1
\XC@nummixins=\count114
\XC@countmixins=\count115
)
("C:\Program Files\MiKTeX 2.5\tex\latex\amsfonts\amssymb.sty"
Package: amssymb 2002/01/22 v2.2d

("C:\Program Files\MiKTeX 2.5\tex\latex\amsfonts\amsfonts.sty"
Package: amsfonts 2001/10/25 v2.2f
\@emptytoks=\toks19
\symAMSa=\mathgroup4
\symAMSb=\mathgroup5
LaTeX Font Info:    Overwriting math alphabet `\mathfrak' in version `bold'
(Font)                  U/euf/m/n --> U/euf/b/n on input line 132.
))
("C:\Program Files\MiKTeX 2.5\tex\latex\geometry\geometry.sty"
Package: geometry 2002/07/08 v3.2 Page Geometry
\Gm@cnth=\count116
\Gm@cntv=\count117
\c@Gm@tempcnt=\count118
\Gm@bindingoffset=\dimen153
\Gm@wd@mp=\dimen154
\Gm@odd@mp=\dimen155
\Gm@even@mp=\dimen156
\Gm@dimlist=\toks20

("C:\Program Files\MiKTeX 2.5\tex\latex\geometry\geometry.cfg"))
("C:\Program Files\MiKTeX 2.5\tex\latex\hyperref\hyperref.sty"
Package: hyperref 2008/08/14 v6.78f Hypertext links for LaTeX

("C:\Program Files\MiKTeX 2.5\tex\generic\oberdiek\ifpdf.sty"
Package: ifpdf 2007/12/12 v1.6 Provides the ifpdf switch (HO)
Package ifpdf Info: pdfTeX in pdf mode detected.
)
("C:\Program Files\MiKTeX 2.5\tex\generic\oberdiek\ifvtex.sty"
Package: ifvtex 2007/09/09 v1.3 Switches for detecting VTeX and its modes (HO)
Package ifvtex Info: VTeX not detected.
)
("C:\Program Files\MiKTeX 2.5\tex\generic\ifxetex\ifxetex.sty"
Package: ifxetex 2006/08/21 v0.3 Provides ifxetex conditional
)
("C:\Program Files\MiKTeX 2.5\tex\latex\oberdiek\hycolor.sty"
Package: hycolor 2008/08/01 v1.3 Code for color options of hyperref/bookmark (H
O)

("C:\Program Files\MiKTeX 2.5\tex\latex\oberdiek\xcolor-patch.sty"
Package: xcolor-patch 2008/08/01 xcolor patch
))
\@linkdim=\dimen157
\Hy@linkcounter=\count119
\Hy@pagecounter=\count120

("C:\Program Files\MiKTeX 2.5\tex\latex\hyperref\pd1enc.def"
File: pd1enc.def 2008/08/14 v6.78f Hyperref: PDFDocEncoding definition (HO)
)
("C:\Program Files\MiKTeX 2.5\tex\generic\oberdiek\etexcmds.sty"
Package: etexcmds 2007/12/12 v1.2 Prefix for e-TeX command names (HO)

("C:\Program Files\MiKTeX 2.5\tex\generic\oberdiek\infwarerr.sty"
Package: infwarerr 2007/09/09 v1.2 Providing info/warning/message (HO)
)
Package etexcmds Info: Could not find \expanded.
(etexcmds)             That can mean that you are not using pdfTeX 1.50 or
(etexcmds)             that some package has redefined \expanded.
(etexcmds)             In the latter case, load this package earlier.
)
("C:\Program Files\MiKTeX 2.5\tex\latex\00miktex\hyperref.cfg"
File: hyperref.cfg 2002/06/06 v1.2 hyperref configuration of TeXLive
)
("C:\Program Files\MiKTeX 2.5\tex\latex\oberdiek\kvoptions.sty"
Package: kvoptions 2007/10/18 v3.0 Keyval support for LaTeX options (HO)
)
Package hyperref Info: Option `bookmarks' set `true' on input line 2765.
Package hyperref Info: Option `bookmarksopen' set `true' on input line 2765.
Package hyperref Info: Option `implicit' set `false' on input line 2765.
Package hyperref Info: Hyper figures OFF on input line 2876.
Package hyperref Info: Link nesting OFF on input line 2881.
Package hyperref Info: Hyper index ON on input line 2884.
Package hyperref Info: Plain pages OFF on input line 2891.
Package hyperref Info: Backreferencing OFF on input line 2896.

Implicit mode OFF; no redefinition of LaTeX internals
Package hyperref Info: Bookmarks ON on input line 3086.
("C:\Program Files\MiKTeX 2.5\tex\latex\ltxmisc\url.sty"
\Urlmuskip=\muskip10
Package: url 2006/04/12  ver 3.3  Verb mode for urls, etc.
)
LaTeX Info: Redefining \url on input line 3272.

("C:\Program Files\MiKTeX 2.5\tex\generic\oberdiek\bitset.sty"
Package: bitset 2007/09/28 v1.0 Data type bit set (HO)

("C:\Program Files\MiKTeX 2.5\tex\generic\oberdiek\intcalc.sty"
Package: intcalc 2007/09/27 v1.1 Expandable integer calculations (HO)
)
("C:\Program Files\MiKTeX 2.5\tex\generic\oberdiek\bigintcalc.sty"
Package: bigintcalc 2007/11/11 v1.1 Expandable big integer calculations (HO)

("C:\Program Files\MiKTeX 2.5\tex\generic\oberdiek\pdftexcmds.sty"
Package: pdftexcmds 2007/12/12 v0.3 LuaTeX support for pdfTeX utility functions
 (HO)
Package pdftexcmds Info: LuaTeX not detected on input line 139.
)))
("C:\Program Files\MiKTeX 2.5\tex\generic\oberdiek\kvsetkeys.sty"
Package: kvsetkeys 2007/09/29 v1.3 Key value parser with default handler suppor
t (HO)
)
\Fld@menulength=\count121
\Field@Width=\dimen158
\Fld@charsize=\dimen159
\Field@toks=\toks21
Package hyperref Info: Hyper figures OFF on input line 4189.
Package hyperref Info: Link nesting OFF on input line 4194.
Package hyperref Info: Hyper index ON on input line 4197.
Package hyperref Info: backreferencing OFF on input line 4204.
Package hyperref Info: Link coloring OFF on input line 4209.
Package hyperref Info: Link coloring with OCG OFF on input line 4214.
Package hyperref Info: PDF/A mode OFF on input line 4219.

("C:\Program Files\MiKTeX 2.5\tex\generic\oberdiek\atbegshi.sty"
Package: atbegshi 2008/07/31 v1.9 At begin shipout hook (HO)
)

Package hyperref Warning: Option `pdfpagelabels' is turned off
(hyperref)                because \thepage is undefined.

Hyperref stopped early
)
*hyperref using default driver hpdftex*
("C:\Program Files\MiKTeX 2.5\tex\latex\hyperref\hpdftex.def"
File: hpdftex.def 2008/08/14 v6.78f Hyperref driver for pdfTeX
\Fld@listcount=\count122
)
("C:\Program Files\MiKTeX 2.5\tex\latex\base\size11.clo"
File: size11.clo 2005/09/16 v1.4f Standard LaTeX file (size option)
)
("C:\Program Files\MiKTeX 2.5\tex\latex\beamer\base\beamerbasecompatibility.sty
"
Package: beamerbasecompatibility 2007/01/28  (rcs-revision 1.63)
) ("C:\Program Files\MiKTeX 2.5\tex\latex\beamer\base\beamerbasefont.sty"
Package: beamerbasefont 2007/01/28  (rcs-revision 1.16)
)
("C:\Program Files\MiKTeX 2.5\tex\latex\beamer\base\beamerbasemisc.sty"
Package: beamerbasemisc 2007/01/28  (rcs-revision 1.24)
)
("C:\Program Files\MiKTeX 2.5\tex\latex\beamer\base\beamerbasetwoscreens.sty"
Package: beamerbasetwoscreens 2007/01/28  (rcs-revision 1.7)
)
("C:\Program Files\MiKTeX 2.5\tex\latex\beamer\base\beamerbaseoverlay.sty"
Package: beamerbaseoverlay 2007/01/28  (rcs-revision 1.50)
\beamer@argscount=\count123
\beamer@lastskipcover=\skip42
\beamer@trivlistdepth=\count124
)
("C:\Program Files\MiKTeX 2.5\tex\latex\beamer\base\beamerbasetitle.sty"
Package: beamerbasetitle 2007/01/28  (rcs-revision 1.25)
)
("C:\Program Files\MiKTeX 2.5\tex\latex\beamer\base\beamerbasesection.sty"
Package: beamerbasesection 2007/01/28  (rcs-revision 1.21)
\c@lecture=\count125
\c@part=\count126
\c@section=\count127
\c@subsection=\count128
\c@subsubsection=\count129
)
("C:\Program Files\MiKTeX 2.5\tex\latex\beamer\base\beamerbaseframe.sty"
Package: beamerbaseframe 2007/01/28  (rcs-revision 1.60)
\beamer@framebox=\box39
\beamer@frametitlebox=\box40
\beamer@zoombox=\box41
\beamer@zoomcount=\count130
\beamer@zoomframecount=\count131
\beamer@frametextheight=\dimen160
\c@subsectionslide=\count132
\beamer@frametopskip=\skip43
\beamer@framebottomskip=\skip44
\beamer@frametopskipautobreak=\skip45
\beamer@framebottomskipautobreak=\skip46
\beamer@envbody=\toks22
\c@framenumber=\count133
)
("C:\Program Files\MiKTeX 2.5\tex\latex\beamer\base\beamerbaseverbatim.sty"
Package: beamerbaseverbatim 2007/01/28  (rcs-revision 1.8)
\beamer@verbatimfileout=\write3
)
("C:\Program Files\MiKTeX 2.5\tex\latex\beamer\base\beamerbaseframesize.sty"
Package: beamerbaseframesize 2007/01/28  (rcs-revision 1.18)
\beamer@splitbox=\box42
\beamer@autobreakcount=\count134
\beamer@autobreaklastheight=\dimen161
\beamer@frametitletoks=\toks23
\beamer@framesubtitletoks=\toks24
)
("C:\Program Files\MiKTeX 2.5\tex\latex\beamer\base\beamerbaseframecomponents.s
ty"
Package: beamerbaseframecomponents 2007/01/28  (rcs-revision 1.41)
\beamer@footins=\box43
) ("C:\Program Files\MiKTeX 2.5\tex\latex\beamer\base\beamerbasecolor.sty"
Package: beamerbasecolor 2007/01/28  (rcs-revision 1.42)
)
("C:\Program Files\MiKTeX 2.5\tex\latex\beamer\base\beamerbasenotes.sty"
Package: beamerbasenotes 2007/01/28  (rcs-revision 1.23)
\beamer@frameboxcopy=\box44
)
("C:\Program Files\MiKTeX 2.5\tex\latex\beamer\base\beamerbasetoc.sty"
Package: beamerbasetoc 2007/01/28  (rcs-revision 1.21)
)
("C:\Program Files\MiKTeX 2.5\tex\latex\beamer\base\beamerbasetemplates.sty"
Package: beamerbasetemplates 2007/01/28  (rcs-revision 1.51)
\beamer@sbttoks=\toks25

("C:\Program Files\MiKTeX 2.5\tex\latex\beamer\base\beamerbaseauxtemplates.sty"
Package: beamerbaseauxtemplates 2007/01/28  (rcs-revision 1.28)
("C:\Program Files\MiKTeX 2.5\tex\latex\beamer\base\beamerbaseboxes.sty"
Package: beamerbaseboxes 2007/03/11  (rcs-revision 1.32)
\bmb@box=\box45
\bmb@colorbox=\box46
\bmb@boxshadow=\box47
\bmb@boxshadowball=\box48
\bmb@boxshadowballlarge=\box49
\bmb@temp=\dimen162
\bmb@dima=\dimen163
\bmb@dimb=\dimen164
\bmb@prevheight=\dimen165
)
\beamer@blockheadheight=\dimen166
))
("C:\Program Files\MiKTeX 2.5\tex\latex\beamer\base\beamerbaselocalstructure.st
y"
Package: beamerbaselocalstructure 2007/01/28  (rcs-revision 1.53)
 ("C:\Program Files\MiKTeX 2.5\tex\latex\tools\enumerate.sty"
Package: enumerate 1999/03/05 v3.00 enumerate extensions (DPC)
\@enLab=\toks26
)
\c@figure=\count135
\c@table=\count136
\abovecaptionskip=\skip47
\belowcaptionskip=\skip48
)
("C:\Program Files\MiKTeX 2.5\tex\latex\beamer\base\beamerbasenavigation.sty"
Package: beamerbasenavigation 2007/01/28  (rcs-revision 1.36)
)
("C:\Program Files\MiKTeX 2.5\tex\latex\beamer\base\beamerbasetheorems.sty"
Package: beamerbasetheorems 2007/01/28  (rcs-revision 1.10)

("C:\Program Files\MiKTeX 2.5\tex\latex\translator-1.00\base\translator.sty"
Package: translator 2007/03/11 ver 1.00

("C:\Program Files\MiKTeX 2.5\tex\latex\translator-1.00\base\translator-languag
e-mappings.tex")) ("C:\Program Files\MiKTeX 2.5\tex\latex\amsmath\amsmath.sty"
Package: amsmath 2000/07/18 v2.13 AMS math features
\@mathmargin=\skip49

For additional information on amsmath, use the `?' option.
("C:\Program Files\MiKTeX 2.5\tex\latex\amsmath\amstext.sty"
Package: amstext 2000/06/29 v2.01

("C:\Program Files\MiKTeX 2.5\tex\latex\amsmath\amsgen.sty"
File: amsgen.sty 1999/11/30 v2.0
\@emptytoks=\toks27
\ex@=\dimen167
))
("C:\Program Files\MiKTeX 2.5\tex\latex\amsmath\amsbsy.sty"
Package: amsbsy 1999/11/29 v1.2d
\pmbraise@=\dimen168
)
("C:\Program Files\MiKTeX 2.5\tex\latex\amsmath\amsopn.sty"
Package: amsopn 1999/12/14 v2.01 operator names
)
\inf@bad=\count137
LaTeX Info: Redefining \frac on input line 211.
\uproot@=\count138
\leftroot@=\count139
LaTeX Info: Redefining \overline on input line 307.
\classnum@=\count140
\DOTSCASE@=\count141
LaTeX Info: Redefining \ldots on input line 379.
LaTeX Info: Redefining \dots on input line 382.
LaTeX Info: Redefining \cdots on input line 467.
\Mathstrutbox@=\box50
\strutbox@=\box51
\big@size=\dimen169
LaTeX Font Info:    Redeclaring font encoding OML on input line 567.
LaTeX Font Info:    Redeclaring font encoding OMS on input line 568.
\macc@depth=\count142
\c@MaxMatrixCols=\count143
\dotsspace@=\muskip11
\c@parentequation=\count144
\dspbrk@lvl=\count145
\tag@help=\toks28
\row@=\count146
\column@=\count147
\maxfields@=\count148
\andhelp@=\toks29
\eqnshift@=\dimen170
\alignsep@=\dimen171
\tagshift@=\dimen172
\tagwidth@=\dimen173
\totwidth@=\dimen174
\lineht@=\dimen175
\@envbody=\toks30
\multlinegap=\skip50
\multlinetaggap=\skip51
\mathdisplay@stack=\toks31
LaTeX Info: Redefining \[ on input line 2666.
LaTeX Info: Redefining \] on input line 2667.
)
("C:\Program Files\MiKTeX 2.5\tex\latex\amscls\amsthm.sty"
Package: amsthm 2004/08/06 v2.20
\thm@style=\toks32
\thm@bodyfont=\toks33
\thm@headfont=\toks34
\thm@notefont=\toks35
\thm@headpunct=\toks36
\thm@preskip=\skip52
\thm@postskip=\skip53
\thm@headsep=\skip54
\dth@everypar=\toks37
)
\c@theorem=\count149
)
("C:\Program Files\MiKTeX 2.5\tex\latex\beamer\base\beamerbasethemes.sty"
Package: beamerbasethemes 2007/01/28  (rcs-revision 1.10)
)
("C:\Program Files\MiKTeX 2.5\tex\latex\beamer\themes\theme\beamerthemedefault.
sty"
Package: beamerthemedefault 2007/01/28  (rcs-revision 1.7)

("C:\Program Files\MiKTeX 2.5\tex\latex\beamer\themes\font\beamerfontthemedefau
lt.sty"
Package: beamerfontthemedefault 2007/01/28  (rcs-revision 1.13)
)
("C:\Program Files\MiKTeX 2.5\tex\latex\beamer\themes\color\beamercolorthemedef
ault.sty"
Package: beamercolorthemedefault 2007/01/28  (rcs-revision 1.28)
)
("C:\Program Files\MiKTeX 2.5\tex\latex\beamer\themes\inner\beamerinnerthemedef
ault.sty"
Package: beamerinnerthemedefault 2007/01/28  (rcs-revision 1.20)
\beamer@dima=\dimen176
\beamer@dimb=\dimen177
)
("C:\Program Files\MiKTeX 2.5\tex\latex\beamer\themes\outer\beamerouterthemedef
ault.sty"
Package: beamerouterthemedefault 2007/01/28  (rcs-revision 1.14)
))) ("C:\Program Files\MiKTeX 2.5\tex\latex\clrscode\clrscode.sty"
Package: clrscode 2007/03/29 v1.7 format pseudocode

("C:\Program Files\MiKTeX 2.5\tex\latex\base\latexsym.sty"
Package: latexsym 1998/08/17 v2.2e Standard LaTeX package (lasy symbols)
\symlasy=\mathgroup6
LaTeX Font Info:    Overwriting symbol font `lasy' in version `bold'
(Font)                  U/lasy/m/n --> U/lasy/b/n on input line 47.
)
\c@codelinenumber=\count150
\c@indent=\count151
\digitwidth=\skip55
\savecode=\box52
\codeboxwidth=\skip56
\c@thisindent=\count152
)
("C:\Program Files\MiKTeX 2.5\tex\latex\beamer\themes\theme\beamerthemeWarsaw.s
ty"
Package: beamerthemeWarsaw 2007/01/28  (rcs-revision 1.9)

("C:\Program Files\MiKTeX 2.5\tex\latex\beamer\themes\inner\beamerinnerthemerou
nded.sty"
Package: beamerinnerthemerounded 2007/01/28  (rcs-revision 1.5)
)
("C:\Program Files\MiKTeX 2.5\tex\latex\beamer\themes\outer\beamerouterthemesha
dow.sty"
Package: beamerouterthemeshadow 2007/01/28  (rcs-revision 1.9)

("C:\Program Files\MiKTeX 2.5\tex\latex\beamer\themes\outer\beamerouterthemespl
it.sty"
Package: beamerouterthemesplit 2007/01/28  (rcs-revision 1.5)
))
("C:\Program Files\MiKTeX 2.5\tex\latex\beamer\themes\color\beamercolorthemeorc
hid.sty"
Package: beamercolorthemeorchid 2007/01/28  (rcs-revision 1.3)
)
("C:\Program Files\MiKTeX 2.5\tex\latex\beamer\themes\color\beamercolorthemewha
le.sty"
Package: beamercolorthemewhale 2007/01/28  (rcs-revision 1.4)
)) ("C:\Program Files\MiKTeX 2.5\tex\generic\babel\babel.sty"
Package: babel 2008/07/06 v3.8l The Babel package

*************************************
* Local config file bblopts.cfg used
*
("C:\Program Files\MiKTeX 2.5\tex\latex\00miktex\bblopts.cfg"
File: bblopts.cfg 2006/07/31 v1.0 MiKTeX 'babel' configuration
)
("C:\Program Files\MiKTeX 2.5\tex\generic\babel\english.ldf"
Language: english 2005/03/30 v3.3o English support from the babel system

("C:\Program Files\MiKTeX 2.5\tex\generic\babel\babel.def"
File: babel.def 2008/07/06 v3.8l Babel common definitions
LaTeX Info: Redefining \textlatin on input line 82.
\babel@savecnt=\count153
\U@D=\dimen178
)
\l@british = a dialect from \language\l@english 
\l@UKenglish = a dialect from \language\l@english 
\l@canadian = a dialect from \language\l@american 
\l@australian = a dialect from \language\l@british 
\l@newzealand = a dialect from \language\l@british 
))
("C:\Program Files\MiKTeX 2.5\tex\latex\base\inputenc.sty"
Package: inputenc 2006/05/05 v1.1b Input encoding file
\inpenc@prehook=\toks38
\inpenc@posthook=\toks39

("C:\Program Files\MiKTeX 2.5\tex\latex\base\latin1.def"
File: latin1.def 2006/05/05 v1.1b Input encoding file
))
("C:\Program Files\MiKTeX 2.5\tex\latex\psnfss\times.sty"
Package: times 2005/04/12 PSNFSS-v9.2a (SPQR) 
)
("C:\Program Files\MiKTeX 2.5\tex\latex\base\fontenc.sty"
Package: fontenc 2005/09/27 v1.99g Standard LaTeX package

("C:\Program Files\MiKTeX 2.5\tex\latex\base\t1enc.def"
File: t1enc.def 2005/09/27 v1.99g Standard LaTeX file
LaTeX Font Info:    Redeclaring font encoding T1 on input line 43.
)) (DAA-3-Heapsort.aux)
LaTeX Font Info:    Checking defaults for OML/cmm/m/it on input line 48.
LaTeX Font Info:    ... okay on input line 48.
LaTeX Font Info:    Checking defaults for T1/cmr/m/n on input line 48.
LaTeX Font Info:    ... okay on input line 48.
LaTeX Font Info:    Checking defaults for OT1/cmr/m/n on input line 48.
LaTeX Font Info:    ... okay on input line 48.
LaTeX Font Info:    Checking defaults for OMS/cmsy/m/n on input line 48.
LaTeX Font Info:    ... okay on input line 48.
LaTeX Font Info:    Checking defaults for OMX/cmex/m/n on input line 48.
LaTeX Font Info:    ... okay on input line 48.
LaTeX Font Info:    Checking defaults for U/cmr/m/n on input line 48.
LaTeX Font Info:    ... okay on input line 48.
LaTeX Font Info:    Checking defaults for PD1/pdf/m/n on input line 48.
LaTeX Font Info:    ... okay on input line 48.
LaTeX Font Info:    Try loading font information for T1+ptm on input line 48.

("C:\Program Files\MiKTeX 2.5\tex\latex\psnfss\t1ptm.fd"
File: t1ptm.fd 2001/06/04 font definitions for T1/ptm.
)
("C:\Program Files\MiKTeX 2.5\tex\context\base\supp-pdf.tex"
[Loading MPS to PDF converter (version 2006.09.02).]
\scratchcounter=\count154
\scratchdimen=\dimen179
\scratchbox=\box53
\nofMPsegments=\count155
\nofMParguments=\count156
\everyMPshowfont=\toks40
\MPscratchCnt=\count157
\MPscratchDim=\dimen180
\MPnumerator=\count158
\everyMPtoPDFconversion=\toks41
)
-------------------- Geometry parameters
paper: user defined
landscape: --
twocolumn: --
twoside: --
asymmetric: --
h-parts: 28.45274pt, 307.28987pt, 28.45274pt
v-parts: 0.0pt, 273.14662pt, 0.0pt
hmarginratio: --
vmarginratio: --
lines: --
heightrounded: --
bindingoffset: 0.0pt
truedimen: --
includehead: true
includefoot: true
includemp: --
driver: pdftex
-------------------- Page layout dimensions and switches
\paperwidth  364.19536pt
\paperheight 273.14662pt
\textwidth  307.28987pt
\textheight 244.6939pt
\oddsidemargin  -43.81725pt
\evensidemargin -43.81725pt
\topmargin  -72.26999pt
\headheight 14.22636pt
\headsep    0.0pt
\footskip   14.22636pt
\marginparwidth 4.0pt
\marginparsep   10.0pt
\columnsep  10.0pt
\skip\footins  10.0pt plus 4.0pt minus 2.0pt
\hoffset 0.0pt
\voffset 0.0pt
\mag 1000

(1in=72.27pt, 1cm=28.45pt)
-----------------------
Package hyperref Info: Link coloring OFF on input line 48.
 ("C:\Program Files\MiKTeX 2.5\tex\latex\hyperref\nameref.sty"
Package: nameref 2007/05/29 v2.31 Cross-referencing by name of section

("C:\Program Files\MiKTeX 2.5\tex\latex\oberdiek\refcount.sty"
Package: refcount 2008/08/11 v3.1 Data extraction from references (HO)
)
\c@section@level=\count159
)
LaTeX Info: Redefining \ref on input line 48.
LaTeX Info: Redefining \pageref on input line 48.

(DAA-3-Heapsort.out) (DAA-3-Heapsort.out)
\@outlinefile=\write4
\AtBeginShipoutBox=\box54
\symnumbers=\mathgroup7
\sympureletters=\mathgroup8
LaTeX Font Info:    Overwriting math alphabet `\mathrm' in version `normal'
(Font)                  OT1/cmr/m/n --> T1/ptm/m/n on input line 48.
LaTeX Font Info:    Redeclaring math alphabet \mathbf on input line 48.
LaTeX Font Info:    Overwriting math alphabet `\mathbf' in version `normal'
(Font)                  OT1/cmr/bx/n --> T1/ptm/bx/n on input line 48.
LaTeX Font Info:    Overwriting math alphabet `\mathbf' in version `bold'
(Font)                  OT1/cmr/bx/n --> T1/ptm/bx/n on input line 48.
LaTeX Font Info:    Redeclaring math alphabet \mathsf on input line 48.
LaTeX Font Info:    Overwriting math alphabet `\mathsf' in version `normal'
(Font)                  OT1/cmss/m/n --> T1/phv/m/n on input line 48.
LaTeX Font Info:    Overwriting math alphabet `\mathsf' in version `bold'
(Font)                  OT1/cmss/bx/n --> T1/phv/m/n on input line 48.
LaTeX Font Info:    Redeclaring math alphabet \mathit on input line 48.
LaTeX Font Info:    Overwriting math alphabet `\mathit' in version `normal'
(Font)                  OT1/cmr/m/it --> T1/ptm/m/it on input line 48.
LaTeX Font Info:    Overwriting math alphabet `\mathit' in version `bold'
(Font)                  OT1/cmr/bx/it --> T1/ptm/m/it on input line 48.
LaTeX Font Info:    Redeclaring math alphabet \mathtt on input line 48.
LaTeX Font Info:    Overwriting math alphabet `\mathtt' in version `normal'
(Font)                  OT1/cmtt/m/n --> T1/pcr/m/n on input line 48.
LaTeX Font Info:    Overwriting math alphabet `\mathtt' in version `bold'
(Font)                  OT1/cmtt/m/n --> T1/pcr/m/n on input line 48.
LaTeX Font Info:    Overwriting symbol font `numbers' in version `bold'
(Font)                  T1/ptm/m/n --> T1/ptm/bx/n on input line 48.
LaTeX Font Info:    Overwriting symbol font `pureletters' in version `bold'
(Font)                  T1/ptm/m/it --> T1/ptm/bx/it on input line 48.
LaTeX Font Info:    Overwriting math alphabet `\mathrm' in version `bold'
(Font)                  OT1/cmr/bx/n --> T1/ptm/bx/n on input line 48.
LaTeX Font Info:    Overwriting math alphabet `\mathbf' in version `bold'
(Font)                  T1/ptm/bx/n --> T1/ptm/bx/n on input line 48.
LaTeX Font Info:    Overwriting math alphabet `\mathsf' in version `bold'
(Font)                  T1/phv/m/n --> T1/phv/bx/n on input line 48.
LaTeX Font Info:    Overwriting math alphabet `\mathit' in version `bold'
(Font)                  T1/ptm/m/it --> T1/ptm/bx/it on input line 48.
LaTeX Font Info:    Overwriting math alphabet `\mathtt' in version `bold'
(Font)                  T1/pcr/m/n --> T1/pcr/bx/n on input line 48.

("C:\Program Files\MiKTeX 2.5\tex\latex\translator-1.00\dicts\translator-theore
m-dictionary\translator-theorem-dictionary-English.dict"
Dictionary: translator-theorem-dictionary, Language: English 
) (DAA-3-Heapsort.nav)
[1{psfonts.map}

] (DAA-3-Heapsort.toc) [2

]
LaTeX Font Info:    Try loading font information for U+msa on input line 71.

("C:\Program Files\MiKTeX 2.5\tex\latex\amsfonts\umsa.fd"
File: umsa.fd 2002/01/19 v2.2g AMS font definitions
)
LaTeX Font Info:    Try loading font information for U+msb on input line 71.

("C:\Program Files\MiKTeX 2.5\tex\latex\amsfonts\umsb.fd"
File: umsb.fd 2002/01/19 v2.2g AMS font definitions
)
LaTeX Font Info:    Try loading font information for U+lasy on input line 71.

("C:\Program Files\MiKTeX 2.5\tex\latex\base\ulasy.fd"
File: ulasy.fd 1998/08/17 v2.2e LaTeX symbol font definitions
) [3

]
LaTeX Font Info:    Font shape `T1/ptm/bx/n' in size <10.95> not available
(Font)              Font shape `T1/ptm/b/n' tried instead on input line 96.
LaTeX Font Info:    Font shape `T1/ptm/bx/it' in size <10.95> not available
(Font)              Font shape `T1/ptm/b/it' tried instead on input line 96.

Overfull \vbox (0.50822pt too high) detected at line 96
 []

[4

] [5

] <06-fig-max-heap.png, id=156, 705.07317pt x 397.485pt>
File: 06-fig-max-heap.png Graphic file (type png)

<use 06-fig-max-heap.png>
Overfull \hbox (0.58716pt too wide) in paragraph at lines 119--119
[][]  
 []

[6

 <06-fig-max-heap.png (PNG copy)>]
<06-max_heapify.png, id=169, 602.25pt x 396.48125pt>
File: 06-max_heapify.png Graphic file (type png)
 <use 06-max_heapify.png>
Overfull \vbox (8.9313pt too high) detected at line 150
 []

[7

 <06-max_heapify.png (PNG copy)>]
<06-fig-max_heapify.png, id=183, 554.35341pt x 510.99141pt>
File: 06-fig-max_heapify.png Graphic file (type png)

<use 06-fig-max_heapify.png>
Overfull \hbox (1.1032pt too wide) in paragraph at lines 159--159
[][]  
 []


Overfull \vbox (12.79573pt too high) detected at line 159
 []

[8

 <06-fig-max_heapify.png>]
<06-build_max_heap.png, id=196, 602.25pt x 212.795pt>
File: 06-build_max_heap.png Graphic file (type png)

<use 06-build_max_heap.png> [9

 <06-build_max_heap.png (PNG copy)>]
<06-fig-build_max_heap.png, id=208, 360.50964pt x 505.89pt>
File: 06-fig-build_max_heap.png Graphic file (type png)

<use 06-fig-build_max_heap.png>
Overfull \vbox (69.70125pt too high) detected at line 182
 []

[10

 <06-fig-build_max_heap.png (PNG copy)>]
<06-heapsort.png, id=220, 602.25pt x 243.91125pt>
File: 06-heapsort.png Graphic file (type png)
 <use 06-heapsort.png>
LaTeX Font Info:    Font shape `T1/ptm/bx/n' in size <8> not available
(Font)              Font shape `T1/ptm/b/n' tried instead on input line 220.
LaTeX Font Info:    Font shape `T1/ptm/bx/it' in size <8> not available
(Font)              Font shape `T1/ptm/b/it' tried instead on input line 220.

[11

 <06-heapsort.png (PNG copy)>]
<06-fig-heapsort.png, id=237, 491.26393pt x 517.935pt>
File: 06-fig-heapsort.png Graphic file (type png)

<use 06-fig-heapsort.png>
Overfull \hbox (0.79997pt too wide) in paragraph at lines 229--229
[][]  
 []


Overfull \vbox (12.79573pt too high) detected at line 229
 []

[12

 <06-fig-heapsort.png (PNG copy)>]
LaTeX Font Info:    Font shape `T1/ptm/bx/n' in size <10> not available
(Font)              Font shape `T1/ptm/b/n' tried instead on input line 247.
 [13

]
\tf@nav=\write5
\tf@toc=\write6
\tf@snm=\write7
 (DAA-3-Heapsort.aux) ) 
Here is how much of TeX's memory you used:
 13748 strings out of 95407
 231950 string characters out of 1187128
 313926 words of memory out of 1306304
 16103 multiletter control sequences out of 60000
 83445 words of font info for 86 fonts, out of 1000000 for 2000
 14 hyphenation exceptions out of 8191
 43i,19n,63p,343b,880s stack positions out of 5000i,500n,10000p,200000b,32768s
PDF statistics:
 259 PDF objects out of 300000
 36 named destinations out of 300000
 228 words of extra memory for PDF output out of 10000
<C:/Program Files/MiKTeX 2.5/fonts/type1/bluesky/cm/cmsy
8.pfb><C:/Program Files/MiKTeX 2.5/fonts/type1/bluesky/cm/cmr8.pfb><C:/Program 
Files/MiKTeX 2.5/fonts/type1/bluesky/cm/cmsy10.pfb><C:/Program Files/MiKTeX 2.5
/fonts/type1/bluesky/cm/cmmi10.pfb>{8r.enc}<C:/Program Files/MiKTeX 2.5/fonts/t
ype1/urw/times/utmbi8a.pfb><C:/Program Files/MiKTeX 2.5/fonts/type1/urw/times/u
tmb8a.pfb><C:/Program Files/MiKTeX 2.5/fonts/type1/bluesky/cm/cmr10.pfb><C:/Pro
gram Files/MiKTeX 2.5/fonts/type1/urw/times/utmri8a.pfb><C:/Program Files/MiKTe
X 2.5/fonts/type1/urw/times/utmr8a.pfb>
Output written on DAA-3-Heapsort.pdf (13 pages, 438515 bytes).
